<?xml version="1.0" encoding="UTF-8"?>
<testsuites name="Login" time="88" tests="3" failures="0" errors="0">
   <testsuite name="Login" tests="3" failures="0" errors="0" time="88" timestamp="2018-11-20 11:27:17" hostname="AFIL0078$ - AFIL0078" id="Test Suites/Login">
      <properties>
         <property name="deviceName" value=""/>
         <property name="devicePlatform" value=""/>
         <property name="logFolder" value="C:\\Users\\KRUGER\\git\\LoginTest\\Reports\\Login\\20181120_112713"/>
         <property name="logFiles" value="C:\\Users\\KRUGER\\git\\LoginTest\\Reports\\Login\\20181120_112713\\execution0.log"/>
         <property name="attachments" value=""/>
         <property name="hostName" value="AFIL0078$ - AFIL0078"/>
         <property name="os" value="Windows 7 64bit"/>
         <property name="katalonVersion" value="5.8.4.14"/>
         <property name="browser" value="Chrome 70.0.3538.102"/>
         <property name="hostAddress" value="10.10.120.99"/>
         <property name="sessionId" value="064810cdbe2f80b3ec9abc32abbc89c3"/>
         <property name="seleniumVersion" value="3.7.1"/>
         <property name="proxyInformation" value="ProxyInformation{proxyOption=NO_PROXY, proxyServerType=HTTP, password=, proxyServerAddress=, proxyServerPort=0}"/>
         <property name="platform" value="Windows 7"/>
      </properties>
      <testcase name="Test Cases/login" classname="Test Cases/login" status="PASSED">
         <system-out><![CDATA[2018-11-20 11:27:18 - [TEST_CASE][PASSED] - Test Cases/login: Test Cases/login

2018-11-20 11:27:18 - [TEST_STEP][PASSED] - openBrowser: Browser is opened with url: ''

2018-11-20 11:27:21 - [MESSAGE][PASSED] - Browser is opened with url: ''

2018-11-20 11:27:21 - [TEST_STEP][PASSED] - navigateToUrl: Navigate to 'https://www.facebook.com/' successfully

2018-11-20 11:27:28 - [MESSAGE][PASSED] - Navigate to 'https://www.facebook.com/' successfully

2018-11-20 11:27:28 - [TEST_STEP][PASSED] - setText: Text 'srengifo@kruger.com.ec' is set on object 'Object Repository/Login/email'

2018-11-20 11:27:28 - [MESSAGE][PASSED] - Text 'srengifo@kruger.com.ec' is set on object 'Object Repository/Login/email'

2018-11-20 11:27:28 - [TEST_STEP][PASSED] - setText: Text '1' is set on object 'Object Repository/Login/password'

2018-11-20 11:27:29 - [MESSAGE][PASSED] - Text '1' is set on object 'Object Repository/Login/password'

2018-11-20 11:27:29 - [TEST_STEP][PASSED] - click: Object: 'Object Repository/Login/botonEntrar' is clicked on

2018-11-20 11:27:43 - [MESSAGE][PASSED] - Object: 'Object Repository/Login/botonEntrar' is clicked on]]></system-out>
         <system-err><![CDATA[]]></system-err>
      </testcase>
      <testcase name="Test Cases/login" classname="Test Cases/login" status="PASSED">
         <system-out><![CDATA[2018-11-20 11:27:43 - [TEST_CASE][PASSED] - Test Cases/login: Test Cases/login

2018-11-20 11:27:43 - [TEST_STEP][PASSED] - openBrowser: Browser is opened with url: ''

2018-11-20 11:27:43 - [MESSAGE][WARNING] - A browser is already opened. Closing browser and opening a new one

2018-11-20 11:27:47 - [MESSAGE][PASSED] - Browser is opened with url: ''

2018-11-20 11:27:47 - [TEST_STEP][PASSED] - navigateToUrl: Navigate to 'https://www.facebook.com/' successfully

2018-11-20 11:27:52 - [MESSAGE][PASSED] - Navigate to 'https://www.facebook.com/' successfully

2018-11-20 11:27:52 - [TEST_STEP][PASSED] - setText: Text 'sindyvanessarengifosuarez@hotmail.com' is set on object 'Object Repository/Login/email'

2018-11-20 11:27:53 - [MESSAGE][PASSED] - Text 'sindyvanessarengifosuarez@hotmail.com' is set on object 'Object Repository/Login/email'

2018-11-20 11:27:53 - [TEST_STEP][PASSED] - setText: Text '2' is set on object 'Object Repository/Login/password'

2018-11-20 11:27:53 - [MESSAGE][PASSED] - Text '2' is set on object 'Object Repository/Login/password'

2018-11-20 11:27:53 - [TEST_STEP][PASSED] - click: Object: 'Object Repository/Login/botonEntrar' is clicked on

2018-11-20 11:28:05 - [MESSAGE][PASSED] - Object: 'Object Repository/Login/botonEntrar' is clicked on]]></system-out>
         <system-err><![CDATA[]]></system-err>
      </testcase>
      <testcase name="Test Cases/login" classname="Test Cases/login" status="PASSED">
         <system-out><![CDATA[2018-11-20 11:28:05 - [TEST_CASE][PASSED] - Test Cases/login: Test Cases/login

2018-11-20 11:28:05 - [TEST_STEP][PASSED] - openBrowser: Browser is opened with url: ''

2018-11-20 11:28:05 - [MESSAGE][WARNING] - A browser is already opened. Closing browser and opening a new one

2018-11-20 11:28:08 - [MESSAGE][PASSED] - Browser is opened with url: ''

2018-11-20 11:28:08 - [TEST_STEP][PASSED] - navigateToUrl: Navigate to 'https://www.facebook.com/' successfully

2018-11-20 11:28:12 - [MESSAGE][PASSED] - Navigate to 'https://www.facebook.com/' successfully

2018-11-20 11:28:12 - [TEST_STEP][PASSED] - setText: Text 'sindyrengifosuarez@hotmail.com' is set on object 'Object Repository/Login/email'

2018-11-20 11:28:12 - [MESSAGE][PASSED] - Text 'sindyrengifosuarez@hotmail.com' is set on object 'Object Repository/Login/email'

2018-11-20 11:28:12 - [TEST_STEP][PASSED] - setText: Text 'vanessa10' is set on object 'Object Repository/Login/password'

2018-11-20 11:28:12 - [MESSAGE][PASSED] - Text 'vanessa10' is set on object 'Object Repository/Login/password'

2018-11-20 11:28:12 - [TEST_STEP][PASSED] - click: Object: 'Object Repository/Login/botonEntrar' is clicked on

2018-11-20 11:28:45 - [MESSAGE][PASSED] - Object: 'Object Repository/Login/botonEntrar' is clicked on]]></system-out>
         <system-err><![CDATA[]]></system-err>
      </testcase>
      <system-out><![CDATA[2018-11-20 11:27:17 - [TEST_SUITE][PASSED] - Login: Test Cases/login]]></system-out>
      <system-err><![CDATA[]]></system-err>
   </testsuite>
</testsuites>
