<?xml version="1.0" encoding="UTF-8"?>
<testsuites name="Login" time="36" tests="3" failures="0" errors="0">
   <testsuite name="Login" tests="3" failures="0" errors="0" time="36" timestamp="2018-11-19 09:58:25" hostname="KRUGER - AFIL0078" id="Test Suites/Login">
      <properties>
         <property name="deviceName" value=""/>
         <property name="devicePlatform" value=""/>
         <property name="logFolder" value="C:\\Users\\KRUGER\\git\\LoginTest\\Reports\\Login\\20181119_095823"/>
         <property name="logFiles" value="C:\\Users\\KRUGER\\git\\LoginTest\\Reports\\Login\\20181119_095823\\execution0.log"/>
         <property name="attachments" value=""/>
         <property name="hostName" value="KRUGER - AFIL0078"/>
         <property name="os" value="Windows 7 64bit"/>
         <property name="katalonVersion" value="5.8.4.14"/>
         <property name="browser" value="Firefox 63.0"/>
         <property name="hostAddress" value="10.10.120.99"/>
         <property name="sessionId" value="517a30a0-976e-46f2-abbf-9d80951ca99b"/>
         <property name="seleniumVersion" value="3.7.1"/>
         <property name="proxyInformation" value="ProxyInformation{proxyOption=NO_PROXY, proxyServerType=HTTP, password=, proxyServerAddress=, proxyServerPort=0}"/>
         <property name="platform" value="Windows 7"/>
      </properties>
      <testcase name="Test Cases/login" classname="Test Cases/login" status="PASSED">
         <system-out><![CDATA[2018-11-19 09:58:25 - [TEST_CASE][PASSED] - Test Cases/login: Test Cases/login

2018-11-19 09:58:26 - [TEST_STEP][PASSED] - openBrowser: Browser is opened with url: ''

2018-11-19 09:58:30 - [MESSAGE][PASSED] - Browser is opened with url: ''

2018-11-19 09:58:30 - [TEST_STEP][PASSED] - navigateToUrl: Navigate to 'https://www.facebook.com/' successfully

2018-11-19 09:58:33 - [MESSAGE][PASSED] - Navigate to 'https://www.facebook.com/' successfully

2018-11-19 09:58:33 - [TEST_STEP][PASSED] - setText: Text 'srengifo@kruger.com.ec' is set on object 'Object Repository/Login/email'

2018-11-19 09:58:33 - [MESSAGE][PASSED] - Text 'srengifo@kruger.com.ec' is set on object 'Object Repository/Login/email'

2018-11-19 09:58:33 - [TEST_STEP][PASSED] - setText: Text '1' is set on object 'Object Repository/Login/password'

2018-11-19 09:58:33 - [MESSAGE][PASSED] - Text '1' is set on object 'Object Repository/Login/password'

2018-11-19 09:58:33 - [TEST_STEP][PASSED] - click: Object: 'Object Repository/Login/botonEntrar' is clicked on

2018-11-19 09:58:35 - [MESSAGE][PASSED] - Object: 'Object Repository/Login/botonEntrar' is clicked on]]></system-out>
         <system-err><![CDATA[]]></system-err>
      </testcase>
      <testcase name="Test Cases/login" classname="Test Cases/login" status="PASSED">
         <system-out><![CDATA[2018-11-19 09:58:35 - [TEST_CASE][PASSED] - Test Cases/login: Test Cases/login

2018-11-19 09:58:35 - [TEST_STEP][PASSED] - openBrowser: Browser is opened with url: ''

2018-11-19 09:58:35 - [MESSAGE][WARNING] - A browser is already opened. Closing browser and opening a new one

2018-11-19 09:58:38 - [MESSAGE][PASSED] - Browser is opened with url: ''

2018-11-19 09:58:38 - [TEST_STEP][PASSED] - navigateToUrl: Navigate to 'https://www.facebook.com/' successfully

2018-11-19 09:58:45 - [MESSAGE][PASSED] - Navigate to 'https://www.facebook.com/' successfully

2018-11-19 09:58:45 - [TEST_STEP][PASSED] - setText: Text 'sindyvanessarengifosuarez@hotmail.com' is set on object 'Object Repository/Login/email'

2018-11-19 09:58:45 - [MESSAGE][PASSED] - Text 'sindyvanessarengifosuarez@hotmail.com' is set on object 'Object Repository/Login/email'

2018-11-19 09:58:45 - [TEST_STEP][PASSED] - setText: Text '2' is set on object 'Object Repository/Login/password'

2018-11-19 09:58:45 - [MESSAGE][PASSED] - Text '2' is set on object 'Object Repository/Login/password'

2018-11-19 09:58:45 - [TEST_STEP][PASSED] - click: Object: 'Object Repository/Login/botonEntrar' is clicked on

2018-11-19 09:58:47 - [MESSAGE][PASSED] - Object: 'Object Repository/Login/botonEntrar' is clicked on]]></system-out>
         <system-err><![CDATA[]]></system-err>
      </testcase>
      <testcase name="Test Cases/login" classname="Test Cases/login" status="PASSED">
         <system-out><![CDATA[2018-11-19 09:58:47 - [TEST_CASE][PASSED] - Test Cases/login: Test Cases/login

2018-11-19 09:58:47 - [TEST_STEP][PASSED] - openBrowser: Browser is opened with url: ''

2018-11-19 09:58:47 - [MESSAGE][WARNING] - A browser is already opened. Closing browser and opening a new one

2018-11-19 09:58:50 - [MESSAGE][PASSED] - Browser is opened with url: ''

2018-11-19 09:58:50 - [TEST_STEP][PASSED] - navigateToUrl: Navigate to 'https://www.facebook.com/' successfully

2018-11-19 09:58:53 - [MESSAGE][PASSED] - Navigate to 'https://www.facebook.com/' successfully

2018-11-19 09:58:53 - [TEST_STEP][PASSED] - setText: Text 'sindyrengifosuarez@hotmail.com' is set on object 'Object Repository/Login/email'

2018-11-19 09:58:53 - [MESSAGE][PASSED] - Text 'sindyrengifosuarez@hotmail.com' is set on object 'Object Repository/Login/email'

2018-11-19 09:58:53 - [TEST_STEP][PASSED] - setText: Text 'vanessa10' is set on object 'Object Repository/Login/password'

2018-11-19 09:58:53 - [MESSAGE][PASSED] - Text 'vanessa10' is set on object 'Object Repository/Login/password'

2018-11-19 09:58:53 - [TEST_STEP][PASSED] - click: Object: 'Object Repository/Login/botonEntrar' is clicked on

2018-11-19 09:59:00 - [MESSAGE][PASSED] - Object: 'Object Repository/Login/botonEntrar' is clicked on]]></system-out>
         <system-err><![CDATA[]]></system-err>
      </testcase>
      <system-out><![CDATA[2018-11-19 09:58:25 - [TEST_SUITE][PASSED] - Login: Test Cases/login]]></system-out>
      <system-err><![CDATA[]]></system-err>
   </testsuite>
</testsuites>
